########### array before sorts ###########
0	-5.080000	13.970000	96.825000	13.970000	n
1	96.825000	13.970000	96.825000	90.668000	n
2	96.825000	90.668000	-5.080000	90.668000	n
3	-5.080000	90.668000	-5.080000	13.970000	n
Tolerance=0.050000.
*Exact match for i=0 and j=1.
*i point -5.080000	13.970000	96.825000	13.970000	y
*Exact match for i=1 and j=2.
*i point 96.825000	13.970000	96.825000	90.668000	y
*Exact match for i=2 and j=3.
*i point 96.825000	90.668000	-5.080000	90.668000	y
########### array after sorts ###########
0	-5.080000	13.970000	96.825000	13.970000	y
1	96.825000	13.970000	96.825000	90.668000	y
2	96.825000	90.668000	-5.080000	90.668000	y
3	-5.080000	90.668000	-5.080000	13.970000	y
***************
.BOARD_OUTLINE UNOWNED
1.6
0     -5.080000     13.970000     0
0     96.825000     13.970000     0
0     96.825000     90.668000     0
0     -5.080000     90.668000     0
0     -5.080000     13.970000     0
